# JRE version: Java(TM) SE Runtime Environment (8.0_121-b13) (build 1.8.0_121-b13)
# Java VM: Java HotSpot(TM) 64-Bit Server VM (25.121-b13 mixed mode linux-amd64 compressed oops)
Heap:
 PSYoungGen      total 78336K, used 37514K [0x00000000fab00000, 0x0000000100000000, 0x0000000100000000)
  eden space 69632K, 44% used [0x00000000fab00000,0x00000000fc97aaa0,0x00000000fef00000)
  from space 8704K, 72% used [0x00000000ff780000,0x00000000ffda8050,0x0000000100000000)
  to   space 8704K, 0% used [0x00000000fef00000,0x00000000fef00000,0x00000000ff780000)
 ParOldGen       total 37888K, used 16991K [0x00000000f0000000, 0x00000000f2500000, 0x00000000fab00000)
  object space 37888K, 44% used [0x00000000f0000000,0x00000000f1097c08,0x00000000f2500000)
 Metaspace       used 31523K, capacity 32114K, committed 32512K, reserved 1077248K
  class space    used 4127K, capacity 4329K, committed 4352K, reserved 1048576K
GC Heap History (10 events):
Event: 3.237 GC heap before
{Heap before GC invocations=5 (full 1):
 PSYoungGen      total 34304K, used 31744K [0x00000000fab00000, 0x00000000fee00000, 0x0000000100000000)
  eden space 31744K, 100% used [0x00000000fab00000,0x00000000fca00000,0x00000000fca00000)
  from space 2560K, 0% used [0x00000000fca00000,0x00000000fca00000,0x00000000fcc80000)
  to   space 2560K, 0% used [0x00000000feb80000,0x00000000feb80000,0x00000000fee00000)
 ParOldGen       total 37888K, used 8468K [0x00000000f0000000, 0x00000000f2500000, 0x00000000fab00000)
  object space 37888K, 22% used [0x00000000f0000000,0x00000000f0845348,0x00000000f2500000)
 Metaspace       used 25183K, capacity 25692K, committed 26112K, reserved 1071104K
  class space    used 3327K, capacity 3509K, committed 3584K, reserved 1048576K
Event: 3.247 GC heap after
Heap after GC invocations=5 (full 1):
 PSYoungGen      total 47104K, used 2528K [0x00000000fab00000, 0x00000000fee00000, 0x0000000100000000)
  eden space 44544K, 0% used [0x00000000fab00000,0x00000000fab00000,0x00000000fd680000)
  from space 2560K, 98% used [0x00000000feb80000,0x00000000fedf8240,0x00000000fee00000)
  to   space 2560K, 0% used [0x00000000fe900000,0x00000000fe900000,0x00000000feb80000)
 ParOldGen       total 37888K, used 9135K [0x00000000f0000000, 0x00000000f2500000, 0x00000000fab00000)
  object space 37888K, 24% used [0x00000000f0000000,0x00000000f08ebda8,0x00000000f2500000)
 Metaspace       used 25183K, capacity 25692K, committed 26112K, reserved 1071104K
  class space    used 3327K, capacity 3509K, committed 3584K, reserved 1048576K
}
Event: 11.080 GC heap before
{Heap before GC invocations=6 (full 1):
 PSYoungGen      total 47104K, used 47072K [0x00000000fab00000, 0x00000000fee00000, 0x0000000100000000)
  eden space 44544K, 100% used [0x00000000fab00000,0x00000000fd680000,0x00000000fd680000)
  from space 2560K, 98% used [0x00000000feb80000,0x00000000fedf8240,0x00000000fee00000)
  to   space 2560K, 0% used [0x00000000fe900000,0x00000000fe900000,0x00000000feb80000)
 ParOldGen       total 37888K, used 9135K [0x00000000f0000000, 0x00000000f2500000, 0x00000000fab00000)
  object space 37888K, 24% used [0x00000000f0000000,0x00000000f08ebda8,0x00000000f2500000)
 Metaspace       used 28801K, capacity 29264K, committed 29696K, reserved 1075200K
  class space    used 3808K, capacity 4004K, committed 4096K, reserved 1048576K
Event: 11.103 GC heap after
Heap after GC invocations=6 (full 1):
 PSYoungGen      total 62464K, used 2548K [0x00000000fab00000, 0x00000000ff680000, 0x0000000100000000)
  eden space 59904K, 0% used [0x00000000fab00000,0x00000000fab00000,0x00000000fe580000)
  from space 2560K, 99% used [0x00000000fe900000,0x00000000feb7d298,0x00000000feb80000)
  to   space 8704K, 0% used [0x00000000fee00000,0x00000000fee00000,0x00000000ff680000)
 ParOldGen       total 37888K, used 13894K [0x00000000f0000000, 0x00000000f2500000, 0x00000000fab00000)
  object space 37888K, 36% used [0x00000000f0000000,0x00000000f0d91bf8,0x00000000f2500000)
 Metaspace       used 28801K, capacity 29264K, committed 29696K, reserved 1075200K
  class space    used 3808K, capacity 4004K, committed 4096K, reserved 1048576K
}
Event: 11.598 GC heap before
{Heap before GC invocations=7 (full 1):
 PSYoungGen      total 62464K, used 62452K [0x00000000fab00000, 0x00000000ff680000, 0x0000000100000000)
  eden space 59904K, 100% used [0x00000000fab00000,0x00000000fe580000,0x00000000fe580000)
  from space 2560K, 99% used [0x00000000fe900000,0x00000000feb7d298,0x00000000feb80000)
  to   space 8704K, 0% used [0x00000000fee00000,0x00000000fee00000,0x00000000ff680000)
 ParOldGen       total 37888K, used 13894K [0x00000000f0000000, 0x00000000f2500000, 0x00000000fab00000)
  object space 37888K, 36% used [0x00000000f0000000,0x00000000f0d91bf8,0x00000000f2500000)
 Metaspace       used 29244K, capacity 29776K, committed 30208K, reserved 1075200K
  class space    used 3878K, capacity 4068K, committed 4096K, reserved 1048576K
Event: 11.612 GC heap after
Heap after GC invocations=7 (full 1):
 PSYoungGen      total 68608K, used 2592K [0x00000000fab00000, 0x0000000100000000, 0x0000000100000000)
  eden space 59904K, 0% used [0x00000000fab00000,0x00000000fab00000,0x00000000fe580000)
  from space 8704K, 29% used [0x00000000fee00000,0x00000000ff088020,0x00000000ff680000)
  to   space 8704K, 0% used [0x00000000fe580000,0x00000000fe580000,0x00000000fee00000)
 ParOldGen       total 37888K, used 13902K [0x00000000f0000000, 0x00000000f2500000, 0x00000000fab00000)
  object space 37888K, 36% used [0x00000000f0000000,0x00000000f0d93bf8,0x00000000f2500000)
 Metaspace       used 29244K, capacity 29776K, committed 30208K, reserved 1075200K
  class space    used 3878K, capacity 4068K, committed 4096K, reserved 1048576K
}
Event: 12.191 GC heap before
{Heap before GC invocations=8 (full 1):
 PSYoungGen      total 68608K, used 62496K [0x00000000fab00000, 0x0000000100000000, 0x0000000100000000)
  eden space 59904K, 100% used [0x00000000fab00000,0x00000000fe580000,0x00000000fe580000)
  from space 8704K, 29% used [0x00000000fee00000,0x00000000ff088020,0x00000000ff680000)
  to   space 8704K, 0% used [0x00000000fe580000,0x00000000fe580000,0x00000000fee00000)
 ParOldGen       total 37888K, used 13902K [0x00000000f0000000, 0x00000000f2500000, 0x00000000fab00000)
  object space 37888K, 36% used [0x00000000f0000000,0x00000000f0d93bf8,0x00000000f2500000)
 Metaspace       used 29591K, capacity 30068K, committed 30592K, reserved 1075200K
  class space    used 3924K, capacity 4100K, committed 4224K, reserved 1048576K
Event: 12.201 GC heap after
Heap after GC invocations=8 (full 1):
 PSYoungGen      total 68608K, used 2560K [0x00000000fab00000, 0x0000000100000000, 0x0000000100000000)
  eden space 59904K, 0% used [0x00000000fab00000,0x00000000fab00000,0x00000000fe580000)
  from space 8704K, 29% used [0x00000000fe580000,0x00000000fe800020,0x00000000fee00000)
  to   space 8704K, 0% used [0x00000000ff780000,0x00000000ff780000,0x0000000100000000)
 ParOldGen       total 37888K, used 13910K [0x00000000f0000000, 0x00000000f2500000, 0x00000000fab00000)
  object space 37888K, 36% used [0x00000000f0000000,0x00000000f0d95bf8,0x00000000f2500000)
 Metaspace       used 29591K, capacity 30068K, committed 30592K, reserved 1075200K
  class space    used 3924K, capacity 4100K, committed 4224K, reserved 1048576K
}
Event: 15.750 GC heap before
{Heap before GC invocations=9 (full 1):
 PSYoungGen      total 68608K, used 62464K [0x00000000fab00000, 0x0000000100000000, 0x0000000100000000)
  eden space 59904K, 100% used [0x00000000fab00000,0x00000000fe580000,0x00000000fe580000)
  from space 8704K, 29% used [0x00000000fe580000,0x00000000fe800020,0x00000000fee00000)
  to   space 8704K, 0% used [0x00000000ff780000,0x00000000ff780000,0x0000000100000000)
 ParOldGen       total 37888K, used 13910K [0x00000000f0000000, 0x00000000f2500000, 0x00000000fab00000)
  object space 37888K, 36% used [0x00000000f0000000,0x00000000f0d95bf8,0x00000000f2500000)
 Metaspace       used 30756K, capacity 31244K, committed 31744K, reserved 1077248K
  class space    used 4049K, capacity 4232K, committed 4352K, reserved 1048576K
Event: 15.769 GC heap after
Heap after GC invocations=9 (full 1):
 PSYoungGen      total 78336K, used 6304K [0x00000000fab00000, 0x0000000100000000, 0x0000000100000000)
  eden space 69632K, 0% used [0x00000000fab00000,0x00000000fab00000,0x00000000fef00000)
  from space 8704K, 72% used [0x00000000ff780000,0x00000000ffda8050,0x0000000100000000)
  to   space 8704K, 0% used [0x00000000fef00000,0x00000000fef00000,0x00000000ff780000)
 ParOldGen       total 37888K, used 16991K [0x00000000f0000000, 0x00000000f2500000, 0x00000000fab00000)
  object space 37888K, 44% used [0x00000000f0000000,0x00000000f1097c08,0x00000000f2500000)
 Metaspace       used 30756K, capacity 31244K, committed 31744K, reserved 1077248K
  class space    used 4049K, capacity 4232K, committed 4352K, reserved 1048576K
}

